[debug] [2020-09-09T03:30:32.839Z] ----------------------------------------------------------------------
[debug] [2020-09-09T03:30:32.841Z] Command:       C:\Program Files\nodejs\node.exe C:\Users\jaram\AppData\Roaming\npm\node_modules\firebase-tools\lib\bin\firebase.js deploy
[debug] [2020-09-09T03:30:32.842Z] CLI Version:   8.10.0
[debug] [2020-09-09T03:30:32.842Z] Platform:      win32
[debug] [2020-09-09T03:30:32.842Z] Node Version:  v12.18.3
[debug] [2020-09-09T03:30:32.843Z] Time:          Tue Sep 08 2020 21:30:32 GMT-0600 (Central Standard Time)
[debug] [2020-09-09T03:30:32.844Z] ----------------------------------------------------------------------
[debug] [2020-09-09T03:30:32.844Z] 
[debug] [2020-09-09T03:30:32.856Z] > command requires scopes: ["email","openid","https://www.googleapis.com/auth/cloudplatformprojects.readonly","https://www.googleapis.com/auth/firebase","https://www.googleapis.com/auth/cloud-platform"]
[debug] [2020-09-09T03:30:32.857Z] > authorizing via signed-in user
[debug] [2020-09-09T03:30:32.857Z] [iam] checking project e-wallet-51d51 for permissions ["firebase.projects.get","firebasedatabase.instances.update","firebasehosting.sites.update"]
[debug] [2020-09-09T03:30:32.862Z] >>> HTTP REQUEST POST https://cloudresourcemanager.googleapis.com/v1/projects/e-wallet-51d51:testIamPermissions  
 {"permissions":["firebase.projects.get","firebasedatabase.instances.update","firebasehosting.sites.update"]}
[debug] [2020-09-09T03:30:35.559Z] <<< HTTP RESPONSE 200 {"content-type":"application/json; charset=UTF-8","vary":"X-Origin, Referer, Origin,Accept-Encoding","date":"Wed, 09 Sep 2020 03:30:33 GMT","server":"ESF","cache-control":"private","x-xss-protection":"0","x-frame-options":"SAMEORIGIN","x-content-type-options":"nosniff","server-timing":"gfet4t7; dur=233","alt-svc":"h3-29=\":443\"; ma=2592000,h3-27=\":443\"; ma=2592000,h3-T051=\":443\"; ma=2592000,h3-T050=\":443\"; ma=2592000,h3-Q050=\":443\"; ma=2592000,h3-Q046=\":443\"; ma=2592000,h3-Q043=\":443\"; ma=2592000,quic=\":443\"; ma=2592000; v=\"46,43\"","accept-ranges":"none","transfer-encoding":"chunked"}
[debug] [2020-09-09T03:30:35.561Z] >>> HTTP REQUEST GET https://firebase.googleapis.com/v1beta1/projects/e-wallet-51d51  
 
[debug] [2020-09-09T03:30:35.899Z] <<< HTTP RESPONSE 200 {"content-type":"application/json; charset=UTF-8","vary":"X-Origin, Referer, Origin,Accept-Encoding","date":"Wed, 09 Sep 2020 03:30:35 GMT","server":"ESF","cache-control":"private","x-xss-protection":"0","x-frame-options":"SAMEORIGIN","x-content-type-options":"nosniff","alt-svc":"h3-29=\":443\"; ma=2592000,h3-27=\":443\"; ma=2592000,h3-T051=\":443\"; ma=2592000,h3-T050=\":443\"; ma=2592000,h3-Q050=\":443\"; ma=2592000,h3-Q046=\":443\"; ma=2592000,h3-Q043=\":443\"; ma=2592000,quic=\":443\"; ma=2592000; v=\"46,43\"","accept-ranges":"none","transfer-encoding":"chunked"}
[info] 
[info] === Deploying to 'e-wallet-51d51'...
[info] 
[info] i  deploying database, hosting 
[info] i  database: checking rules syntax... 
[debug] [2020-09-09T03:30:35.907Z] >>> HTTP REQUEST PUT https://e-wallet-51d51.firebaseio.com/.settings/rules.json?dryRun=true  
 {
  /* Visit https://firebase.google.com/docs/database/security to learn more about security rules. */
  "rules": {
    ".read": false,
    ".write": false
  }
}
[debug] [2020-09-09T03:30:36.349Z] <<< HTTP RESPONSE 200 {"server":"nginx","date":"Wed, 09 Sep 2020 03:30:35 GMT","content-type":"application/json; charset=utf-8","content-length":"15","connection":"keep-alive","access-control-allow-origin":"*","cache-control":"no-cache","strict-transport-security":"max-age=31556926; includeSubDomains; preload"}
[info] +  database: rules syntax for database e-wallet-51d51 is valid 
[debug] [2020-09-09T03:30:36.352Z] >>> HTTP REQUEST POST https://firebasehosting.googleapis.com/v1beta1/sites/e-wallet-51d51/versions  
 {"config":{},"labels":{"deployment-tool":"cli-firebase"}}
[debug] [2020-09-09T03:31:17.438Z] Error: socket hang up
    at connResetException (internal/errors.js:610:14)
    at TLSSocket.socketOnEnd (_http_client.js:453:23)
    at TLSSocket.emit (events.js:327:22)
    at TLSSocket.EventEmitter.emit (domain.js:483:12)
    at endReadableNT (_stream_readable.js:1220:12)
    at processTicksAndRejections (internal/process/task_queues.js:84:21)
[error] 
[error] Error: Server Error. socket hang up
[debug] [2020-09-09T03:31:35.617Z] ----------------------------------------------------------------------
[debug] [2020-09-09T03:31:35.620Z] Command:       C:\Program Files\nodejs\node.exe C:\Users\jaram\AppData\Roaming\npm\node_modules\firebase-tools\lib\bin\firebase.js deploy
[debug] [2020-09-09T03:31:35.621Z] CLI Version:   8.10.0
[debug] [2020-09-09T03:31:35.621Z] Platform:      win32
[debug] [2020-09-09T03:31:35.621Z] Node Version:  v12.18.3
[debug] [2020-09-09T03:31:35.623Z] Time:          Tue Sep 08 2020 21:31:35 GMT-0600 (Central Standard Time)
[debug] [2020-09-09T03:31:35.623Z] ----------------------------------------------------------------------
[debug] [2020-09-09T03:31:35.624Z] 
[debug] [2020-09-09T03:31:35.633Z] > command requires scopes: ["email","openid","https://www.googleapis.com/auth/cloudplatformprojects.readonly","https://www.googleapis.com/auth/firebase","https://www.googleapis.com/auth/cloud-platform"]
[debug] [2020-09-09T03:31:35.634Z] > authorizing via signed-in user
[debug] [2020-09-09T03:31:35.634Z] [iam] checking project e-wallet-51d51 for permissions ["firebase.projects.get","firebasedatabase.instances.update","firebasehosting.sites.update"]
[debug] [2020-09-09T03:31:35.639Z] >>> HTTP REQUEST POST https://cloudresourcemanager.googleapis.com/v1/projects/e-wallet-51d51:testIamPermissions  
 {"permissions":["firebase.projects.get","firebasedatabase.instances.update","firebasehosting.sites.update"]}
[debug] [2020-09-09T03:31:36.042Z] <<< HTTP RESPONSE 200 {"content-type":"application/json; charset=UTF-8","vary":"X-Origin, Referer, Origin,Accept-Encoding","date":"Wed, 09 Sep 2020 03:31:35 GMT","server":"ESF","cache-control":"private","x-xss-protection":"0","x-frame-options":"SAMEORIGIN","x-content-type-options":"nosniff","server-timing":"gfet4t7; dur=157","alt-svc":"h3-29=\":443\"; ma=2592000,h3-27=\":443\"; ma=2592000,h3-T051=\":443\"; ma=2592000,h3-T050=\":443\"; ma=2592000,h3-Q050=\":443\"; ma=2592000,h3-Q046=\":443\"; ma=2592000,h3-Q043=\":443\"; ma=2592000,quic=\":443\"; ma=2592000; v=\"46,43\"","accept-ranges":"none","transfer-encoding":"chunked"}
[debug] [2020-09-09T03:31:36.045Z] >>> HTTP REQUEST GET https://firebase.googleapis.com/v1beta1/projects/e-wallet-51d51  
 
[debug] [2020-09-09T03:31:36.409Z] <<< HTTP RESPONSE 200 {"content-type":"application/json; charset=UTF-8","vary":"X-Origin, Referer, Origin,Accept-Encoding","date":"Wed, 09 Sep 2020 03:31:35 GMT","server":"ESF","cache-control":"private","x-xss-protection":"0","x-frame-options":"SAMEORIGIN","x-content-type-options":"nosniff","alt-svc":"h3-29=\":443\"; ma=2592000,h3-27=\":443\"; ma=2592000,h3-T051=\":443\"; ma=2592000,h3-T050=\":443\"; ma=2592000,h3-Q050=\":443\"; ma=2592000,h3-Q046=\":443\"; ma=2592000,h3-Q043=\":443\"; ma=2592000,quic=\":443\"; ma=2592000; v=\"46,43\"","accept-ranges":"none","transfer-encoding":"chunked"}
[info] 
[info] === Deploying to 'e-wallet-51d51'...
[info] 
[info] i  deploying database, hosting 
[info] i  database: checking rules syntax... 
[debug] [2020-09-09T03:31:36.436Z] >>> HTTP REQUEST PUT https://e-wallet-51d51.firebaseio.com/.settings/rules.json?dryRun=true  
 {
  /* Visit https://firebase.google.com/docs/database/security to learn more about security rules. */
  "rules": {
    ".read": false,
    ".write": false
  }
}
[debug] [2020-09-09T03:35:00.694Z] ----------------------------------------------------------------------
[debug] [2020-09-09T03:35:00.697Z] Command:       C:\Program Files\nodejs\node.exe C:\Users\jaram\AppData\Roaming\npm\node_modules\firebase-tools\lib\bin\firebase.js deploy
[debug] [2020-09-09T03:35:00.697Z] CLI Version:   8.10.0
[debug] [2020-09-09T03:35:00.698Z] Platform:      win32
[debug] [2020-09-09T03:35:00.698Z] Node Version:  v12.18.3
[debug] [2020-09-09T03:35:00.699Z] Time:          Tue Sep 08 2020 21:35:00 GMT-0600 (Central Standard Time)
[debug] [2020-09-09T03:35:00.700Z] ----------------------------------------------------------------------
[debug] [2020-09-09T03:35:00.700Z] 
[debug] [2020-09-09T03:35:00.710Z] > command requires scopes: ["email","openid","https://www.googleapis.com/auth/cloudplatformprojects.readonly","https://www.googleapis.com/auth/firebase","https://www.googleapis.com/auth/cloud-platform"]
[debug] [2020-09-09T03:35:00.710Z] > authorizing via signed-in user
[debug] [2020-09-09T03:35:00.711Z] [iam] checking project e-wallet-51d51 for permissions ["firebase.projects.get","firebasedatabase.instances.update","firebasehosting.sites.update"]
[debug] [2020-09-09T03:35:00.715Z] >>> HTTP REQUEST POST https://cloudresourcemanager.googleapis.com/v1/projects/e-wallet-51d51:testIamPermissions  
 {"permissions":["firebase.projects.get","firebasedatabase.instances.update","firebasehosting.sites.update"]}
[debug] [2020-09-09T03:35:02.311Z] <<< HTTP RESPONSE 200 {"content-type":"application/json; charset=UTF-8","vary":"X-Origin, Referer, Origin,Accept-Encoding","date":"Wed, 09 Sep 2020 03:35:01 GMT","server":"ESF","cache-control":"private","x-xss-protection":"0","x-frame-options":"SAMEORIGIN","x-content-type-options":"nosniff","server-timing":"gfet4t7; dur=158","alt-svc":"h3-29=\":443\"; ma=2592000,h3-27=\":443\"; ma=2592000,h3-T051=\":443\"; ma=2592000,h3-T050=\":443\"; ma=2592000,h3-Q050=\":443\"; ma=2592000,h3-Q046=\":443\"; ma=2592000,h3-Q043=\":443\"; ma=2592000,quic=\":443\"; ma=2592000; v=\"46,43\"","accept-ranges":"none","transfer-encoding":"chunked"}
[debug] [2020-09-09T03:35:02.314Z] >>> HTTP REQUEST GET https://firebase.googleapis.com/v1beta1/projects/e-wallet-51d51  
 
[debug] [2020-09-09T03:35:02.679Z] <<< HTTP RESPONSE 200 {"content-type":"application/json; charset=UTF-8","vary":"X-Origin, Referer, Origin,Accept-Encoding","date":"Wed, 09 Sep 2020 03:35:02 GMT","server":"ESF","cache-control":"private","x-xss-protection":"0","x-frame-options":"SAMEORIGIN","x-content-type-options":"nosniff","alt-svc":"h3-29=\":443\"; ma=2592000,h3-27=\":443\"; ma=2592000,h3-T051=\":443\"; ma=2592000,h3-T050=\":443\"; ma=2592000,h3-Q050=\":443\"; ma=2592000,h3-Q046=\":443\"; ma=2592000,h3-Q043=\":443\"; ma=2592000,quic=\":443\"; ma=2592000; v=\"46,43\"","accept-ranges":"none","transfer-encoding":"chunked"}
[info] 
[info] === Deploying to 'e-wallet-51d51'...
[info] 
[info] i  deploying database, hosting 
[info] i  database: checking rules syntax... 
[debug] [2020-09-09T03:35:02.686Z] >>> HTTP REQUEST PUT https://e-wallet-51d51.firebaseio.com/.settings/rules.json?dryRun=true  
 {
  /* Visit https://firebase.google.com/docs/database/security to learn more about security rules. */
  "rules": {
    ".read": false,
    ".write": false
  }
}
[debug] [2020-09-09T03:35:03.123Z] <<< HTTP RESPONSE 200 {"server":"nginx","date":"Wed, 09 Sep 2020 03:35:02 GMT","content-type":"application/json; charset=utf-8","content-length":"15","connection":"keep-alive","access-control-allow-origin":"*","cache-control":"no-cache","strict-transport-security":"max-age=31556926; includeSubDomains; preload"}
[info] +  database: rules syntax for database e-wallet-51d51 is valid 
[debug] [2020-09-09T03:35:03.126Z] >>> HTTP REQUEST POST https://firebasehosting.googleapis.com/v1beta1/sites/e-wallet-51d51/versions  
 {"config":{},"labels":{"deployment-tool":"cli-firebase"}}
